2020-11-02 16:32:43
test_data_length:53757

fold:1/5
train_data_length:17268

dev_data_length:4317

epoch:1/15
training step:    40, loss: 0.45612, precision: 0.389 recall: 0.700 f1: 0.500 
training step:    80, loss: 0.38480, precision: 0.516 recall: 0.727 f1: 0.604 
training step:   120, loss: 0.40442, precision: 0.571 recall: 0.690 f1: 0.625 
time consumption of training:1.98(min)
start evaluate model...
loss: 0.36433, precision: 0.552 recall: 0.731 f1: 0.629 accuracy: 0.841 
time consumption of evaluating:25.68(min)
epoch:2/15
training step:    40, loss: 0.41610, precision: 0.625 recall: 0.714 f1: 0.667 
training step:    80, loss: 0.33917, precision: 0.688 recall: 0.733 f1: 0.710 
training step:   120, loss: 0.35819, precision: 0.794 recall: 0.675 f1: 0.730 
time consumption of training:2.05(min)
start evaluate model...
loss: 0.33187, precision: 0.712 recall: 0.687 f1: 0.699 accuracy: 0.851 
time consumption of evaluating:26.53(min)
epoch:3/15
training step:    40, loss: 0.19102, precision: 0.750 recall: 0.875 f1: 0.808 
training step:    80, loss: 0.22193, precision: 0.650 recall: 0.812 f1: 0.722 
training step:   120, loss: 0.25436, precision: 0.758 recall: 0.781 f1: 0.769 
time consumption of training:2.01(min)
start evaluate model...
loss: 0.30650, precision: 0.689 recall: 0.762 f1: 0.723 accuracy: 0.871 
time consumption of evaluating:25.67(min)
find the new best model with f1 in fold 1: 0.000
start test model...
time consumption of testing:329.54(min)
epoch:4/15
training step:    40, loss: 0.19323, precision: 0.844 recall: 0.818 f1: 0.831 
training step:    80, loss: 0.20412, precision: 0.806 recall: 0.833 f1: 0.820 
training step:   120, loss: 0.25042, precision: 0.500 recall: 0.733 f1: 0.595 
time consumption of training:2.09(min)
start evaluate model...
loss: 0.30850, precision: 0.690 recall: 0.739 f1: 0.714 accuracy: 0.865 
time consumption of evaluating:25.70(min)
epoch:5/15
training step:    40, loss: 0.14644, precision: 0.886 recall: 0.939 f1: 0.912 
training step:    80, loss: 0.21169, precision: 0.867 recall: 0.839 f1: 0.852 
training step:   120, loss: 0.20887, precision: 0.848 recall: 0.824 f1: 0.836 
time consumption of training:2.09(min)
start evaluate model...
loss: 0.31774, precision: 0.749 recall: 0.748 f1: 0.749 accuracy: 0.877 
time consumption of evaluating:25.71(min)
find the new best model with f1 in fold 1: 0.723
start test model...
time consumption of testing:320.04(min)
epoch:6/15
training step:    40, loss: 0.20992, precision: 0.844 recall: 0.931 f1: 0.885 
training step:    80, loss: 0.18902, precision: 0.767 recall: 0.885 f1: 0.821 
training step:   120, loss: 0.25876, precision: 0.667 recall: 0.741 f1: 0.702 
time consumption of training:1.99(min)
start evaluate model...
loss: 0.33277, precision: 0.797 recall: 0.693 f1: 0.741 accuracy: 0.864 
time consumption of evaluating:25.72(min)
epoch:7/15
training step:    40, loss: 0.22925, precision: 0.846 recall: 0.868 f1: 0.857 
training step:    80, loss: 0.23344, precision: 0.892 recall: 0.825 f1: 0.857 
training step:   120, loss: 0.16825, precision: 0.842 recall: 0.865 f1: 0.853 
time consumption of training:1.99(min)
start evaluate model...
loss: 0.33947, precision: 0.641 recall: 0.813 f1: 0.717 accuracy: 0.877 
time consumption of evaluating:25.71(min)
epoch:8/15
training step:    40, loss: 0.08469, precision: 0.912 recall: 0.939 f1: 0.925 
training step:    80, loss: 0.13112, precision: 0.909 recall: 0.938 f1: 0.923 
training step:   120, loss: 0.15468, precision: 0.774 recall: 0.923 f1: 0.842 
time consumption of training:1.99(min)
start evaluate model...
loss: 0.36370, precision: 0.705 recall: 0.775 f1: 0.738 accuracy: 0.878 
time consumption of evaluating:25.71(min)
epoch:9/15
training step:    40, loss: 0.11105, precision: 0.882 recall: 0.968 f1: 0.923 
training step:    80, loss: 0.11962, precision: 0.941 recall: 0.914 f1: 0.928 
training step:   120, loss: 0.11228, precision: 0.968 recall: 0.909 f1: 0.937 
time consumption of training:1.98(min)
start evaluate model...
loss: 0.36987, precision: 0.725 recall: 0.748 f1: 0.736 accuracy: 0.873 
time consumption of evaluating:25.72(min)
epoch:10/15
training step:    40, loss: 0.17940, precision: 0.818 recall: 0.923 f1: 0.867 
training step:    80, loss: 0.10364, precision: 0.917 recall: 0.943 f1: 0.930 
training step:   120, loss: 0.09404, precision: 0.897 recall: 1.000 f1: 0.946 
time consumption of training:1.99(min)
start evaluate model...
loss: 0.38831, precision: 0.734 recall: 0.764 f1: 0.749 accuracy: 0.880 
time consumption of evaluating:25.73(min)
find the new best model with f1 in fold 1: 0.749
start test model...
time consumption of testing:320.21(min)
epoch:11/15
training step:    40, loss: 0.10520, precision: 0.933 recall: 0.933 f1: 0.933 
training step:    80, loss: 0.11758, precision: 0.846 recall: 0.846 f1: 0.846 
training step:   120, loss: 0.07531, precision: 0.943 recall: 0.943 f1: 0.943 
time consumption of training:1.98(min)
start evaluate model...
loss: 0.37741, precision: 0.770 recall: 0.750 f1: 0.760 accuracy: 0.881 
time consumption of evaluating:25.70(min)
find the new best model with f1 in fold 1: 0.749
start test model...
time consumption of testing:320.43(min)
epoch:12/15
training step:    40, loss: 0.09480, precision: 0.893 recall: 0.926 f1: 0.909 
training step:    80, loss: 0.08108, precision: 0.968 recall: 0.909 f1: 0.937 
training step:   120, loss: 0.13535, precision: 0.857 recall: 0.750 f1: 0.800 
time consumption of training:1.99(min)
start evaluate model...
loss: 0.42500, precision: 0.730 recall: 0.745 f1: 0.738 accuracy: 0.873 
time consumption of evaluating:25.72(min)
epoch:13/15
training step:    40, loss: 0.09575, precision: 0.970 recall: 0.865 f1: 0.914 
training step:    80, loss: 0.06574, precision: 0.971 recall: 0.917 f1: 0.943 
training step:   120, loss: 0.11233, precision: 0.893 recall: 0.926 f1: 0.909 
time consumption of training:1.99(min)
start evaluate model...
loss: 0.45713, precision: 0.782 recall: 0.698 f1: 0.737 accuracy: 0.864 
time consumption of evaluating:25.71(min)
epoch:14/15
training step:    40, loss: 0.09961, precision: 0.902 recall: 0.974 f1: 0.937 
training step:    80, loss: 0.09316, precision: 0.949 recall: 0.949 f1: 0.949 
training step:   120, loss: 0.06588, precision: 0.971 recall: 0.944 f1: 0.958 
time consumption of training:1.99(min)
start evaluate model...
loss: 0.46600, precision: 0.706 recall: 0.769 f1: 0.736 accuracy: 0.877 
time consumption of evaluating:25.74(min)
epoch:15/15
training step:    40, loss: 0.05208, precision: 0.973 recall: 0.973 f1: 0.973 
training step:    80, loss: 0.01127, precision: 1.000 recall: 1.000 f1: 1.000 
training step:   120, loss: 0.03085, precision: 1.000 recall: 1.000 f1: 1.000 
time consumption of training:1.99(min)
start evaluate model...
loss: 0.50073, precision: 0.737 recall: 0.743 f1: 0.740 accuracy: 0.874 
time consumption of evaluating:25.74(min)
fold:2/5
train_data_length:17268

dev_data_length:4317

epoch:1/15
training step:    40, loss: 0.43105, precision: 0.250 recall: 0.636 f1: 0.359 
training step:    80, loss: 0.38399, precision: 0.433 recall: 0.765 f1: 0.553 
training step:   120, loss: 0.42125, precision: 0.545 recall: 0.562 f1: 0.554 
time consumption of training:2.01(min)
start evaluate model...
loss: 0.36260, precision: 0.674 recall: 0.684 f1: 0.679 accuracy: 0.842 
time consumption of evaluating:26.39(min)
epoch:2/15
training step:    40, loss: 0.42541, precision: 0.556 recall: 0.606 f1: 0.580 
training step:    80, loss: 0.31375, precision: 0.682 recall: 0.556 f1: 0.612 
training step:   120, loss: 0.38111, precision: 0.412 recall: 0.737 f1: 0.528 
time consumption of training:2.02(min)
start evaluate model...
loss: 0.31592, precision: 0.658 recall: 0.770 f1: 0.710 accuracy: 0.867 
time consumption of evaluating:26.29(min)
find the new best model with f1 in fold 2: 0.000
start test model...
time consumption of testing:327.14(min)
epoch:3/15
training step:    40, loss: 0.25022, precision: 0.743 recall: 0.929 f1: 0.825 
training step:    80, loss: 0.18940, precision: 0.812 recall: 0.867 f1: 0.839 
training step:   120, loss: 0.27063, precision: 0.667 recall: 0.833 f1: 0.741 
time consumption of training:2.02(min)
start evaluate model...
loss: 0.30915, precision: 0.625 recall: 0.796 f1: 0.701 accuracy: 0.868 
time consumption of evaluating:26.24(min)
epoch:4/15
training step:    40, loss: 0.34954, precision: 0.625 recall: 0.741 f1: 0.678 
training step:    80, loss: 0.23403, precision: 0.758 recall: 0.806 f1: 0.781 
training step:   120, loss: 0.18272, precision: 0.778 recall: 0.778 f1: 0.778 
time consumption of training:2.02(min)
start evaluate model...
loss: 0.31792, precision: 0.772 recall: 0.713 f1: 0.741 accuracy: 0.867 
time consumption of evaluating:26.29(min)
find the new best model with f1 in fold 2: 0.710
start test model...
time consumption of testing:327.29(min)
epoch:5/15
training step:    40, loss: 0.21260, precision: 0.667 recall: 0.818 f1: 0.735 
training step:    80, loss: 0.24084, precision: 0.829 recall: 0.829 f1: 0.829 
training step:   120, loss: 0.16318, precision: 0.788 recall: 0.929 f1: 0.852 
time consumption of training:2.02(min)
start evaluate model...
loss: 0.31646, precision: 0.729 recall: 0.759 f1: 0.744 accuracy: 0.876 
time consumption of evaluating:26.43(min)
find the new best model with f1 in fold 2: 0.741
start test model...
time consumption of testing:331.15(min)
epoch:6/15
training step:    40, loss: 0.20859, precision: 0.806 recall: 0.879 f1: 0.841 
training step:    80, loss: 0.15768, precision: 0.815 recall: 0.880 f1: 0.846 
training step:   120, loss: 0.22457, precision: 0.853 recall: 0.879 f1: 0.866 
time consumption of training:2.06(min)
start evaluate model...
loss: 0.34807, precision: 0.797 recall: 0.709 f1: 0.750 accuracy: 0.869 
time consumption of evaluating:26.25(min)
find the new best model with f1 in fold 2: 0.744
start test model...
time consumption of testing:330.42(min)
epoch:7/15
training step:    40, loss: 0.26738, precision: 0.900 recall: 0.794 f1: 0.844 
training step:    80, loss: 0.26455, precision: 0.714 recall: 0.893 f1: 0.794 
training step:   120, loss: 0.20447, precision: 0.824 recall: 0.848 f1: 0.836 
time consumption of training:2.02(min)
start evaluate model...
loss: 0.34164, precision: 0.811 recall: 0.715 f1: 0.760 accuracy: 0.873 
time consumption of evaluating:26.25(min)
find the new best model with f1 in fold 2: 0.750
start test model...
time consumption of testing:329.89(min)
epoch:8/15
training step:    40, loss: 0.13981, precision: 0.897 recall: 0.946 f1: 0.921 
training step:    80, loss: 0.15712, precision: 0.875 recall: 0.875 f1: 0.875 
training step:   120, loss: 0.16984, precision: 0.828 recall: 0.923 f1: 0.873 
time consumption of training:2.02(min)
start evaluate model...
loss: 0.36234, precision: 0.786 recall: 0.721 f1: 0.752 accuracy: 0.872 
time consumption of evaluating:26.28(min)
epoch:9/15
training step:    40, loss: 0.11262, precision: 0.925 recall: 0.925 f1: 0.925 
training step:    80, loss: 0.13508, precision: 0.903 recall: 0.903 f1: 0.903 
training step:   120, loss: 0.15732, precision: 0.720 recall: 0.857 f1: 0.783 
time consumption of training:2.03(min)
start evaluate model...
loss: 0.38861, precision: 0.748 recall: 0.729 f1: 0.738 accuracy: 0.869 
time consumption of evaluating:27.28(min)
epoch:10/15
training step:    40, loss: 0.09027, precision: 0.938 recall: 0.938 f1: 0.938 
training step:    80, loss: 0.10104, precision: 0.927 recall: 1.000 f1: 0.962 
training step:   120, loss: 0.15884, precision: 0.861 recall: 0.939 f1: 0.899 
time consumption of training:2.02(min)
start evaluate model...
loss: 0.39946, precision: 0.749 recall: 0.742 f1: 0.746 accuracy: 0.874 
time consumption of evaluating:26.20(min)
epoch:11/15
training step:    40, loss: 0.08008, precision: 0.882 recall: 0.968 f1: 0.923 
training step:    80, loss: 0.03446, precision: 0.974 recall: 1.000 f1: 0.987 
training step:   120, loss: 0.09799, precision: 0.932 recall: 0.953 f1: 0.943 
time consumption of training:2.02(min)
start evaluate model...
loss: 0.42310, precision: 0.771 recall: 0.726 f1: 0.748 accuracy: 0.871 
time consumption of evaluating:26.27(min)
epoch:12/15
training step:    40, loss: 0.10313, precision: 0.917 recall: 0.971 f1: 0.943 
training step:    80, loss: 0.08249, precision: 0.936 recall: 0.957 f1: 0.946 
training step:   120, loss: 0.08171, precision: 1.000 recall: 0.853 f1: 0.921 
time consumption of training:2.02(min)
start evaluate model...
loss: 0.44380, precision: 0.818 recall: 0.693 f1: 0.750 accuracy: 0.865 
time consumption of evaluating:26.31(min)
epoch:13/15
training step:    40, loss: 0.07786, precision: 0.848 recall: 0.966 f1: 0.903 
training step:    80, loss: 0.07319, precision: 0.972 recall: 0.946 f1: 0.959 
training step:   120, loss: 0.12764, precision: 0.897 recall: 0.929 f1: 0.912 
time consumption of training:2.02(min)
start evaluate model...
loss: 0.43660, precision: 0.760 recall: 0.741 f1: 0.750 accuracy: 0.875 
time consumption of evaluating:26.29(min)
epoch:14/15
training step:    40, loss: 0.07115, precision: 0.923 recall: 0.889 f1: 0.906 
training step:    80, loss: 0.07230, precision: 0.923 recall: 0.973 f1: 0.947 
training step:   120, loss: 0.08863, precision: 0.970 recall: 0.914 f1: 0.941 
time consumption of training:2.02(min)
start evaluate model...
loss: 0.45154, precision: 0.760 recall: 0.716 f1: 0.738 accuracy: 0.866 
time consumption of evaluating:26.22(min)
epoch:15/15
training step:    40, loss: 0.06713, precision: 0.892 recall: 0.971 f1: 0.930 
training step:    80, loss: 0.13276, precision: 1.000 recall: 0.878 f1: 0.935 
training step:   120, loss: 0.12077, precision: 0.933 recall: 0.848 f1: 0.889 
time consumption of training:2.09(min)
start evaluate model...
loss: 0.46039, precision: 0.734 recall: 0.745 f1: 0.739 accuracy: 0.872 
time consumption of evaluating:27.89(min)
fold:3/5
train_data_length:17268

dev_data_length:4317

epoch:1/15
training step:    40, loss: 0.49272, precision: 0.345 recall: 0.476 f1: 0.400 
training step:    80, loss: 0.32653, precision: 0.381 recall: 0.727 f1: 0.500 
training step:   120, loss: 0.39837, precision: 0.600 recall: 0.643 f1: 0.621 
time consumption of training:2.01(min)
start evaluate model...
loss: 0.37330, precision: 0.623 recall: 0.685 f1: 0.652 accuracy: 0.828 
time consumption of evaluating:27.22(min)
epoch:2/15
training step:    40, loss: 0.28836, precision: 0.786 recall: 0.759 f1: 0.772 
training step:    80, loss: 0.32301, precision: 0.639 recall: 0.920 f1: 0.754 
training step:   120, loss: 0.27105, precision: 0.853 recall: 0.853 f1: 0.853 
time consumption of training:2.02(min)
start evaluate model...
loss: 0.32640, precision: 0.690 recall: 0.752 f1: 0.720 accuracy: 0.861 
time consumption of evaluating:26.24(min)
find the new best model with f1 in fold 3: 0.000
start test model...
time consumption of testing:326.86(min)
epoch:3/15
training step:    40, loss: 0.29486, precision: 0.545 recall: 0.900 f1: 0.679 
training step:    80, loss: 0.30426, precision: 0.719 recall: 0.767 f1: 0.742 
training step:   120, loss: 0.26039, precision: 0.643 recall: 0.750 f1: 0.692 
time consumption of training:2.01(min)
start evaluate model...
loss: 0.30988, precision: 0.691 recall: 0.781 f1: 0.733 accuracy: 0.870 
time consumption of evaluating:26.23(min)
find the new best model with f1 in fold 3: 0.720
start test model...
time consumption of testing:328.84(min)
epoch:4/15
training step:    40, loss: 0.22226, precision: 0.794 recall: 0.844 f1: 0.818 
training step:    80, loss: 0.24576, precision: 0.800 recall: 0.903 f1: 0.848 
training step:   120, loss: 0.19399, precision: 0.800 recall: 0.800 f1: 0.800 
time consumption of training:2.04(min)
start evaluate model...
loss: 0.31416, precision: 0.725 recall: 0.732 f1: 0.728 accuracy: 0.860 
time consumption of evaluating:26.30(min)
epoch:5/15
training step:    40, loss: 0.22089, precision: 0.848 recall: 0.824 f1: 0.836 
training step:    80, loss: 0.21039, precision: 0.757 recall: 0.875 f1: 0.812 
training step:   120, loss: 0.15825, precision: 0.897 recall: 0.929 f1: 0.912 
time consumption of training:2.01(min)
start evaluate model...
loss: 0.32239, precision: 0.690 recall: 0.788 f1: 0.735 accuracy: 0.871 
time consumption of evaluating:26.19(min)
find the new best model with f1 in fold 3: 0.733
start test model...
time consumption of testing:328.10(min)
epoch:6/15
training step:    40, loss: 0.12726, precision: 0.815 recall: 0.957 f1: 0.880 
training step:    80, loss: 0.13924, precision: 0.696 recall: 1.000 f1: 0.821 
training step:   120, loss: 0.28115, precision: 0.727 recall: 0.857 f1: 0.787 
time consumption of training:2.02(min)
start evaluate model...
loss: 0.34415, precision: 0.730 recall: 0.756 f1: 0.743 accuracy: 0.869 
time consumption of evaluating:26.35(min)
find the new best model with f1 in fold 3: 0.735
start test model...
time consumption of testing:330.13(min)
epoch:7/15
training step:    40, loss: 0.19499, precision: 0.784 recall: 0.879 f1: 0.829 
training step:    80, loss: 0.16274, precision: 0.700 recall: 0.955 f1: 0.808 
training step:   120, loss: 0.14043, precision: 0.968 recall: 0.857 f1: 0.909 
time consumption of training:2.02(min)
start evaluate model...
loss: 0.34542, precision: 0.771 recall: 0.729 f1: 0.749 accuracy: 0.866 
time consumption of evaluating:30.01(min)
find the new best model with f1 in fold 3: 0.743
start test model...
time consumption of testing:336.97(min)
epoch:8/15
training step:    40, loss: 0.16096, precision: 0.867 recall: 0.867 f1: 0.867 
training step:    80, loss: 0.11689, precision: 0.939 recall: 0.939 f1: 0.939 
training step:   120, loss: 0.14751, precision: 0.857 recall: 0.800 f1: 0.828 
time consumption of training:2.06(min)
start evaluate model...
loss: 0.34151, precision: 0.698 recall: 0.781 f1: 0.737 accuracy: 0.871 
time consumption of evaluating:26.22(min)
epoch:9/15
training step:    40, loss: 0.17672, precision: 0.914 recall: 0.821 f1: 0.865 
training step:    80, loss: 0.09705, precision: 0.974 recall: 0.950 f1: 0.962 
training step:   120, loss: 0.11540, precision: 0.909 recall: 0.909 f1: 0.909 
time consumption of training:2.06(min)
start evaluate model...
loss: 0.40228, precision: 0.659 recall: 0.822 f1: 0.732 accuracy: 0.875 
time consumption of evaluating:26.25(min)
epoch:10/15
training step:    40, loss: 0.09514, precision: 0.885 recall: 0.958 f1: 0.920 
training step:    80, loss: 0.14490, precision: 0.920 recall: 0.821 f1: 0.868 
training step:   120, loss: 0.13205, precision: 0.938 recall: 0.882 f1: 0.909 
time consumption of training:2.02(min)
start evaluate model...
loss: 0.41428, precision: 0.671 recall: 0.773 f1: 0.718 accuracy: 0.864 
time consumption of evaluating:26.23(min)
epoch:11/15
training step:    40, loss: 0.11478, precision: 0.927 recall: 0.927 f1: 0.927 
training step:    80, loss: 0.12836, precision: 0.952 recall: 0.833 f1: 0.889 
training step:   120, loss: 0.12223, precision: 0.938 recall: 0.909 f1: 0.923 
time consumption of training:2.01(min)
start evaluate model...
loss: 0.43021, precision: 0.751 recall: 0.741 f1: 0.746 accuracy: 0.868 
time consumption of evaluating:26.28(min)
epoch:12/15
training step:    40, loss: 0.09211, precision: 0.967 recall: 0.935 f1: 0.951 
training step:    80, loss: 0.06826, precision: 0.969 recall: 0.912 f1: 0.939 
training step:   120, loss: 0.06338, precision: 0.944 recall: 0.971 f1: 0.958 
time consumption of training:2.02(min)
start evaluate model...
loss: 0.44387, precision: 0.781 recall: 0.758 f1: 0.769 accuracy: 0.879 
time consumption of evaluating:26.21(min)
find the new best model with f1 in fold 3: 0.749
start test model...
time consumption of testing:328.01(min)
epoch:13/15
training step:    40, loss: 0.06140, precision: 0.897 recall: 0.963 f1: 0.929 
training step:    80, loss: 0.06234, precision: 0.966 recall: 0.966 f1: 0.966 
training step:   120, loss: 0.10891, precision: 1.000 recall: 0.875 f1: 0.933 
time consumption of training:2.01(min)
start evaluate model...
loss: 0.49582, precision: 0.792 recall: 0.720 f1: 0.754 accuracy: 0.866 
time consumption of evaluating:26.24(min)
epoch:14/15
training step:    40, loss: 0.11251, precision: 0.833 recall: 1.000 f1: 0.909 
training step:    80, loss: 0.09829, precision: 0.962 recall: 0.806 f1: 0.877 
training step:   120, loss: 0.06500, precision: 0.971 recall: 0.971 f1: 0.971 
time consumption of training:2.01(min)
start evaluate model...
loss: 0.46818, precision: 0.754 recall: 0.748 f1: 0.751 accuracy: 0.871 
time consumption of evaluating:26.22(min)
epoch:15/15
training step:    40, loss: 0.06113, precision: 0.967 recall: 0.967 f1: 0.967 
training step:    80, loss: 0.02923, precision: 0.931 recall: 1.000 f1: 0.964 
training step:   120, loss: 0.04952, precision: 0.974 recall: 0.949 f1: 0.961 
time consumption of training:2.01(min)
start evaluate model...
loss: 0.52555, precision: 0.745 recall: 0.767 f1: 0.756 accuracy: 0.875 
time consumption of evaluating:26.20(min)
fold:4/5
train_data_length:17268

dev_data_length:4317

epoch:1/15
training step:    40, loss: 0.39041, precision: 0.261 recall: 0.600 f1: 0.364 
training step:    80, loss: 0.46141, precision: 0.290 recall: 0.500 f1: 0.367 
training step:   120, loss: 0.36854, precision: 0.567 recall: 0.607 f1: 0.586 
time consumption of training:2.01(min)
start evaluate model...
loss: 0.35814, precision: 0.496 recall: 0.782 f1: 0.607 accuracy: 0.840 
time consumption of evaluating:26.36(min)
epoch:2/15
training step:    40, loss: 0.33385, precision: 0.519 recall: 0.667 f1: 0.583 
training step:    80, loss: 0.30559, precision: 0.568 recall: 0.875 f1: 0.689 
training step:   120, loss: 0.25958, precision: 0.800 recall: 0.774 f1: 0.787 
time consumption of training:2.02(min)
start evaluate model...
loss: 0.30373, precision: 0.669 recall: 0.803 f1: 0.730 accuracy: 0.877 
time consumption of evaluating:26.24(min)
find the new best model with f1 in fold 4: 0.000
start test model...
time consumption of testing:326.92(min)
epoch:3/15
training step:    40, loss: 0.27277, precision: 0.781 recall: 0.806 f1: 0.794 
training step:    80, loss: 0.23998, precision: 0.727 recall: 0.640 f1: 0.681 
training step:   120, loss: 0.26597, precision: 0.750 recall: 0.720 f1: 0.735 
time consumption of training:2.02(min)
start evaluate model...
loss: 0.29689, precision: 0.725 recall: 0.772 f1: 0.748 accuracy: 0.878 
time consumption of evaluating:26.24(min)
find the new best model with f1 in fold 4: 0.730
start test model...
time consumption of testing:327.05(min)
epoch:4/15
training step:    40, loss: 0.22215, precision: 0.765 recall: 0.812 f1: 0.788 
training step:    80, loss: 0.30896, precision: 0.750 recall: 0.900 f1: 0.818 
training step:   120, loss: 0.27202, precision: 0.703 recall: 0.812 f1: 0.754 
time consumption of training:2.01(min)
start evaluate model...
loss: 0.31298, precision: 0.787 recall: 0.730 f1: 0.757 accuracy: 0.874 
time consumption of evaluating:26.26(min)
find the new best model with f1 in fold 4: 0.748
start test model...
time consumption of testing:327.03(min)
epoch:5/15
training step:    40, loss: 0.11066, precision: 0.926 recall: 0.893 f1: 0.909 
training step:    80, loss: 0.19305, precision: 0.909 recall: 0.741 f1: 0.816 
training step:   120, loss: 0.34266, precision: 0.766 recall: 0.900 f1: 0.828 
time consumption of training:2.02(min)
start evaluate model...
loss: 0.29816, precision: 0.703 recall: 0.786 f1: 0.742 accuracy: 0.879 
time consumption of evaluating:26.29(min)
epoch:6/15
training step:    40, loss: 0.14881, precision: 0.800 recall: 0.875 f1: 0.836 
training step:    80, loss: 0.24897, precision: 0.875 recall: 0.656 f1: 0.750 
training step:   120, loss: 0.16173, precision: 0.824 recall: 0.875 f1: 0.848 
time consumption of training:2.02(min)
start evaluate model...
loss: 0.33971, precision: 0.799 recall: 0.704 f1: 0.748 accuracy: 0.866 
time consumption of evaluating:26.28(min)
epoch:7/15
training step:    40, loss: 0.15685, precision: 0.778 recall: 0.875 f1: 0.824 
training step:    80, loss: 0.13308, precision: 0.935 recall: 0.853 f1: 0.892 
training step:   120, loss: 0.12909, precision: 0.929 recall: 0.963 f1: 0.945 
time consumption of training:2.02(min)
start evaluate model...
loss: 0.33369, precision: 0.777 recall: 0.749 f1: 0.762 accuracy: 0.880 
time consumption of evaluating:26.39(min)
find the new best model with f1 in fold 4: 0.757
start test model...
time consumption of testing:328.51(min)
epoch:8/15
training step:    40, loss: 0.11108, precision: 0.946 recall: 0.946 f1: 0.946 
training step:    80, loss: 0.15185, precision: 0.921 recall: 0.897 f1: 0.909 
training step:   120, loss: 0.18637, precision: 0.964 recall: 0.794 f1: 0.871 
time consumption of training:2.02(min)
start evaluate model...
loss: 0.34962, precision: 0.735 recall: 0.785 f1: 0.759 accuracy: 0.884 
time consumption of evaluating:26.38(min)
epoch:9/15
training step:    40, loss: 0.06891, precision: 0.962 recall: 0.926 f1: 0.943 
training step:    80, loss: 0.11156, precision: 0.972 recall: 0.921 f1: 0.946 
training step:   120, loss: 0.09514, precision: 0.931 recall: 0.964 f1: 0.947 
time consumption of training:2.01(min)
start evaluate model...
loss: 0.37144, precision: 0.720 recall: 0.776 f1: 0.747 accuracy: 0.879 
time consumption of evaluating:26.28(min)
epoch:10/15
training step:    40, loss: 0.10716, precision: 0.929 recall: 0.867 f1: 0.897 
training step:    80, loss: 0.16440, precision: 0.865 recall: 0.914 f1: 0.889 
training step:   120, loss: 0.11558, precision: 0.882 recall: 0.938 f1: 0.909 
time consumption of training:2.02(min)
start evaluate model...
loss: 0.41681, precision: 0.773 recall: 0.744 f1: 0.758 accuracy: 0.877 
time consumption of evaluating:26.24(min)
epoch:11/15
training step:    40, loss: 0.12733, precision: 0.857 recall: 0.857 f1: 0.857 
training step:    80, loss: 0.16385, precision: 0.914 recall: 0.821 f1: 0.865 
training step:   120, loss: 0.12421, precision: 0.939 recall: 0.886 f1: 0.912 
time consumption of training:2.01(min)
start evaluate model...
loss: 0.39733, precision: 0.736 recall: 0.775 f1: 0.755 accuracy: 0.881 
time consumption of evaluating:26.25(min)
epoch:12/15
training step:    40, loss: 0.06358, precision: 0.857 recall: 1.000 f1: 0.923 
training step:    80, loss: 0.13025, precision: 0.960 recall: 0.857 f1: 0.906 
training step:   120, loss: 0.10509, precision: 0.875 recall: 0.875 f1: 0.875 
time consumption of training:2.02(min)
start evaluate model...
loss: 0.43141, precision: 0.731 recall: 0.760 f1: 0.745 accuracy: 0.876 
time consumption of evaluating:26.29(min)
epoch:13/15
training step:    40, loss: 0.13177, precision: 0.882 recall: 0.968 f1: 0.923 
training step:    80, loss: 0.10510, precision: 0.926 recall: 0.926 f1: 0.926 
training step:   120, loss: 0.06825, precision: 1.000 recall: 0.944 f1: 0.971 
time consumption of training:2.02(min)
start evaluate model...
loss: 0.44524, precision: 0.744 recall: 0.769 f1: 0.756 accuracy: 0.881 
time consumption of evaluating:26.23(min)
epoch:14/15
training step:    40, loss: 0.09235, precision: 0.925 recall: 0.949 f1: 0.937 
training step:    80, loss: 0.03622, precision: 1.000 recall: 0.966 f1: 0.982 
training step:   120, loss: 0.10645, precision: 0.906 recall: 0.967 f1: 0.935 
time consumption of training:2.01(min)
start evaluate model...
loss: 0.42792, precision: 0.771 recall: 0.762 f1: 0.766 accuracy: 0.883 
time consumption of evaluating:26.25(min)
find the new best model with f1 in fold 4: 0.762
start test model...
time consumption of testing:326.98(min)
epoch:15/15
training step:    40, loss: 0.04230, precision: 1.000 recall: 0.939 f1: 0.969 
training step:    80, loss: 0.05360, precision: 0.926 recall: 0.962 f1: 0.943 
training step:   120, loss: 0.08690, precision: 0.923 recall: 0.889 f1: 0.906 
time consumption of training:2.02(min)
start evaluate model...
loss: 0.49673, precision: 0.750 recall: 0.761 f1: 0.755 accuracy: 0.879 
time consumption of evaluating:26.25(min)
fold:5/5
train_data_length:17268

dev_data_length:4317

epoch:1/15
training step:    40, loss: 0.50637, precision: 0.065 recall: 0.333 f1: 0.108 
training step:    80, loss: 0.42924, precision: 0.303 recall: 0.667 f1: 0.417 
training step:   120, loss: 0.44133, precision: 0.727 recall: 0.649 f1: 0.686 
time consumption of training:2.01(min)
start evaluate model...
loss: 0.36534, precision: 0.562 recall: 0.726 f1: 0.634 accuracy: 0.838 
time consumption of evaluating:26.25(min)
epoch:2/15
training step:    40, loss: 0.32791, precision: 0.730 recall: 0.750 f1: 0.740 
training step:    80, loss: 0.37720, precision: 0.500 recall: 0.560 f1: 0.528 
training step:   120, loss: 0.38349, precision: 0.594 recall: 0.731 f1: 0.655 
time consumption of training:2.02(min)
start evaluate model...
loss: 0.32847, precision: 0.672 recall: 0.745 f1: 0.707 accuracy: 0.861 
time consumption of evaluating:26.22(min)
find the new best model with f1 in fold 5: 0.000
start test model...
time consumption of testing:328.27(min)
epoch:3/15
training step:    40, loss: 0.36516, precision: 0.676 recall: 0.742 f1: 0.708 
training step:    80, loss: 0.30605, precision: 0.649 recall: 0.889 f1: 0.750 
training step:   120, loss: 0.26922, precision: 0.750 recall: 0.844 f1: 0.794 
time consumption of training:2.04(min)
start evaluate model...
loss: 0.31743, precision: 0.703 recall: 0.738 f1: 0.720 accuracy: 0.864 
time consumption of evaluating:26.21(min)
find the new best model with f1 in fold 5: 0.707
start test model...
time consumption of testing:326.75(min)
epoch:4/15
training step:    40, loss: 0.22489, precision: 0.862 recall: 0.806 f1: 0.833 
training step:    80, loss: 0.26008, precision: 0.667 recall: 0.846 f1: 0.746 
training step:   120, loss: 0.23510, precision: 0.857 recall: 0.750 f1: 0.800 
time consumption of training:2.01(min)
start evaluate model...
loss: 0.32864, precision: 0.762 recall: 0.711 f1: 0.735 accuracy: 0.864 
time consumption of evaluating:26.20(min)
find the new best model with f1 in fold 5: 0.720
start test model...
time consumption of testing:326.57(min)
epoch:5/15
training step:    40, loss: 0.22144, precision: 0.893 recall: 0.806 f1: 0.847 
training step:    80, loss: 0.24478, precision: 0.735 recall: 0.893 f1: 0.806 
training step:   120, loss: 0.25043, precision: 0.828 recall: 0.800 f1: 0.814 
time consumption of training:2.01(min)
start evaluate model...
loss: 0.34478, precision: 0.693 recall: 0.769 f1: 0.729 accuracy: 0.872 
time consumption of evaluating:26.22(min)
epoch:6/15
training step:    40, loss: 0.15778, precision: 0.871 recall: 0.844 f1: 0.857 
training step:    80, loss: 0.20764, precision: 0.760 recall: 0.792 f1: 0.776 
training step:   120, loss: 0.19416, precision: 0.950 recall: 0.884 f1: 0.916 
time consumption of training:2.02(min)
start evaluate model...
loss: 0.34355, precision: 0.699 recall: 0.781 f1: 0.738 accuracy: 0.876 
time consumption of evaluating:26.23(min)
find the new best model with f1 in fold 5: 0.735
start test model...
time consumption of testing:326.67(min)
epoch:7/15
training step:    40, loss: 0.13091, precision: 0.879 recall: 0.906 f1: 0.892 
training step:    80, loss: 0.22829, precision: 0.833 recall: 0.833 f1: 0.833 
training step:   120, loss: 0.19430, precision: 0.853 recall: 0.853 f1: 0.853 
time consumption of training:2.04(min)
start evaluate model...
loss: 0.34724, precision: 0.710 recall: 0.752 f1: 0.730 accuracy: 0.870 
time consumption of evaluating:26.22(min)
epoch:8/15
training step:    40, loss: 0.15720, precision: 0.846 recall: 0.943 f1: 0.892 
training step:    80, loss: 0.17386, precision: 0.911 recall: 0.872 f1: 0.891 
training step:   120, loss: 0.18279, precision: 0.861 recall: 0.861 f1: 0.861 
time consumption of training:2.02(min)
start evaluate model...
loss: 0.38878, precision: 0.764 recall: 0.708 f1: 0.735 accuracy: 0.863 
time consumption of evaluating:26.24(min)
epoch:9/15
training step:    40, loss: 0.09866, precision: 0.923 recall: 0.889 f1: 0.906 
training step:    80, loss: 0.10720, precision: 0.943 recall: 0.971 f1: 0.957 
training step:   120, loss: 0.16868, precision: 0.867 recall: 0.897 f1: 0.881 
time consumption of training:2.01(min)
start evaluate model...
loss: 0.40615, precision: 0.743 recall: 0.740 f1: 0.741 accuracy: 0.871 
time consumption of evaluating:26.17(min)
find the new best model with f1 in fold 5: 0.738
start test model...
time consumption of testing:326.47(min)
epoch:10/15
training step:    40, loss: 0.06016, precision: 1.000 recall: 0.895 f1: 0.944 
training step:    80, loss: 0.16743, precision: 0.846 recall: 0.917 f1: 0.880 
training step:   120, loss: 0.11544, precision: 0.974 recall: 0.884 f1: 0.927 
time consumption of training:2.02(min)
start evaluate model...
loss: 0.44882, precision: 0.691 recall: 0.760 f1: 0.724 accuracy: 0.869 
time consumption of evaluating:26.17(min)
epoch:11/15
training step:    40, loss: 0.11646, precision: 0.923 recall: 0.900 f1: 0.911 
training step:    80, loss: 0.04745, precision: 0.969 recall: 0.969 f1: 0.969 
training step:   120, loss: 0.06477, precision: 0.968 recall: 0.938 f1: 0.952 
time consumption of training:2.01(min)
start evaluate model...
loss: 0.46766, precision: 0.750 recall: 0.706 f1: 0.728 accuracy: 0.860 
time consumption of evaluating:26.21(min)
epoch:12/15
training step:    40, loss: 0.09818, precision: 0.882 recall: 1.000 f1: 0.938 
training step:    80, loss: 0.10399, precision: 0.929 recall: 0.963 f1: 0.945 
training step:   120, loss: 0.15355, precision: 0.903 recall: 0.903 f1: 0.903 
time consumption of training:2.01(min)
start evaluate model...
loss: 0.48277, precision: 0.673 recall: 0.760 f1: 0.714 accuracy: 0.866 
time consumption of evaluating:26.27(min)
epoch:13/15
training step:    40, loss: 0.06456, precision: 0.946 recall: 0.972 f1: 0.959 
training step:    80, loss: 0.05576, precision: 0.950 recall: 0.974 f1: 0.962 
training step:   120, loss: 0.12268, precision: 0.946 recall: 0.946 f1: 0.946 
time consumption of training:2.01(min)
start evaluate model...
loss: 0.48065, precision: 0.760 recall: 0.734 f1: 0.747 accuracy: 0.872 
time consumption of evaluating:26.36(min)
find the new best model with f1 in fold 5: 0.741
start test model...
time consumption of testing:326.42(min)
epoch:14/15
training step:    40, loss: 0.09668, precision: 0.846 recall: 0.917 f1: 0.880 
training step:    80, loss: 0.03791, precision: 1.000 recall: 0.970 f1: 0.985 
training step:   120, loss: 0.07662, precision: 0.931 recall: 0.931 f1: 0.931 
time consumption of training:2.02(min)
start evaluate model...
loss: 0.56807, precision: 0.682 recall: 0.763 f1: 0.720 accuracy: 0.868 
time consumption of evaluating:26.36(min)
epoch:15/15
training step:    40, loss: 0.08910, precision: 0.964 recall: 0.931 f1: 0.947 
training step:    80, loss: 0.12612, precision: 0.923 recall: 0.947 f1: 0.935 
training step:   120, loss: 0.09305, precision: 0.971 recall: 0.944 f1: 0.958 
time consumption of training:2.01(min)
start evaluate model...
loss: 0.54481, precision: 0.722 recall: 0.752 f1: 0.737 accuracy: 0.872 
time consumption of evaluating:26.23(min)
